[2022-01-03 18:11:23,844]:[7496-ERROR]:[__main__]:[test]
[2022-01-03 18:11:31,114]:[5388-ERROR]:[__main__]:[test]
[2022-01-03 18:11:43,759]:[5156-ERROR]:[__main__]:[123]
[2022-01-03 18:11:43,760]:[5156-ERROR]:[__main__]:[123]
[2022-01-03 18:16:46,427]:[7024-INFO]:[__main__]:[Commited]
[2022-01-03 18:24:58,804]:[7116-INFO]:[__main__]:[Commited]
[2022-01-03 18:27:30,434]:[1228-INFO]:[__main__]:[Commited: Table was created]
[2022-01-03 18:28:20,507]:[324-INFO]:[__main__]:[Successful commit: Table was created]
[2022-01-03 18:31:14,527]:[824-INFO]:[__main__]:[Successful commit: Table was created]
[2022-01-03 18:31:21,416]:[7664-INFO]:[__main__]:[Successful commit: Table was created]
[2022-01-03 18:38:19,369]:[3524-INFO]:[__main__]:[Successful commit: Create operation]
[2022-01-03 18:38:58,192]:[4816-INFO]:[__main__]:[Successful commit: create operation]
[2022-01-03 18:39:09,905]:[2564-INFO]:[__main__]:[Successful commit: create operation]
[2022-01-03 18:39:16,745]:[8464-INFO]:[__main__]:[Successful commit: create operation]
[2022-01-03 18:39:17,234]:[3944-INFO]:[__main__]:[Successful commit: create operation]
[2022-01-03 18:39:18,539]:[7856-INFO]:[__main__]:[Successful commit: create operation]
[2022-01-03 18:39:19,111]:[5388-INFO]:[__main__]:[Successful commit: create operation]
[2022-01-03 18:39:19,794]:[6052-INFO]:[__main__]:[Successful commit: create operation]
[2022-01-03 18:39:20,616]:[4672-INFO]:[__main__]:[Successful commit: create operation]
[2022-01-03 18:57:02,931]:[7776-INFO]:[__main__]:[Successful commit: create operation]
[2022-01-03 18:57:03,290]:[7776-INFO]:[__main__]:[Successful commit: select operation]
[2022-01-03 19:23:37,168]:[7564-INFO]:[__main__]:[Successful commit: create operation]
[2022-01-03 19:23:59,429]:[9060-INFO]:[__main__]:[Successful commit: create operation]
[2022-01-03 19:24:23,096]:[7956-INFO]:[__main__]:[Successful commit: create operation]
[2022-01-03 19:25:09,392]:[2916-INFO]:[__main__]:[Successful commit: create operation]
[2022-01-03 19:26:04,557]:[5220-INFO]:[__main__]:[Successful commit: create operation]
[2022-01-03 19:26:04,635]:[5220-INFO]:[__main__]:[Successful commit: delete operation]
[2022-01-03 19:27:35,094]:[2232-INFO]:[__main__]:[Successful commit: create operation]
[2022-01-03 19:28:24,317]:[8508-INFO]:[__main__]:[Successful commit: create operation]
[2022-01-03 19:28:24,344]:[8508-INFO]:[__main__]:[Successful commit: insert operation]
[2022-01-03 19:28:24,346]:[8508-INFO]:[__main__]:[Successful commit: insert operation]
[2022-01-03 19:28:24,356]:[8508-INFO]:[__main__]:[Successful commit: ]
[2022-01-03 19:30:20,176]:[2936-INFO]:[__main__]:[Successful commit: create operation]
[2022-01-03 19:30:20,192]:[2936-INFO]:[__main__]:[Successful commit: insert operation]
[2022-01-03 19:30:20,200]:[2936-INFO]:[__main__]:[Successful commit: insert operation]
[2022-01-03 19:30:20,200]:[2936-INFO]:[__main__]:[Successful commit: ]
[2022-01-03 19:30:52,784]:[7796-INFO]:[__main__]:[Successful commit: create operation]
[2022-01-03 19:30:52,784]:[7796-INFO]:[__main__]:[Successful commit: insert operation]
[2022-01-03 19:30:52,784]:[7796-INFO]:[__main__]:[Successful commit: insert operation]
[2022-01-03 19:30:52,791]:[7796-INFO]:[__main__]:[Successful commit: rollback]
[2022-01-03 19:31:19,951]:[9208-INFO]:[__main__]:[New session]
[2022-01-03 19:31:19,998]:[9208-INFO]:[__main__]:[Successful commit: create operation]
[2022-01-03 19:31:19,998]:[9208-INFO]:[__main__]:[Successful commit: insert operation]
[2022-01-03 19:31:19,998]:[9208-INFO]:[__main__]:[Successful commit: insert operation]
[2022-01-03 19:31:20,005]:[9208-INFO]:[__main__]:[Successful commit: rollback]
[2022-01-03 19:31:52,971]:[7004-INFO]:[__main__]:[New session]
[2022-01-03 19:31:53,014]:[7004-INFO]:[__main__]:[Successful commit: create operation]
[2022-01-03 19:31:53,014]:[7004-INFO]:[__main__]:[Successful commit: select operation]
[2022-01-03 19:31:53,022]:[7004-INFO]:[__main__]:[Successful commit: insert operation]
[2022-01-03 19:31:53,022]:[7004-INFO]:[__main__]:[Successful commit: insert operation]
[2022-01-03 19:31:53,022]:[7004-INFO]:[__main__]:[Successful commit: rollback]
[2022-01-03 19:31:53,022]:[7004-INFO]:[__main__]:[Successful commit: rollback]
[2022-01-03 19:32:12,162]:[7304-INFO]:[__main__]:[New session]
[2022-01-03 19:32:12,201]:[7304-INFO]:[__main__]:[Successful commit: create operation]
[2022-01-03 19:32:12,208]:[7304-INFO]:[__main__]:[Successful commit: select operation]
[2022-01-03 19:32:12,208]:[7304-INFO]:[__main__]:[Successful commit: insert operation]
[2022-01-03 19:32:12,208]:[7304-INFO]:[__main__]:[Successful commit: insert operation]
[2022-01-03 19:32:12,208]:[7304-INFO]:[__main__]:[Successful commit: rollback]
[2022-01-03 19:32:12,217]:[7304-INFO]:[__main__]:[Successful commit: rollback]
[2022-01-03 19:34:38,273]:[9160-INFO]:[__main__]:[New session]
[2022-01-03 19:34:38,323]:[9160-INFO]:[__main__]:[Successful commit: create operation]
[2022-01-03 19:34:38,338]:[9160-INFO]:[__main__]:[Successful commit: insert operation]
[2022-01-03 19:34:38,338]:[9160-INFO]:[__main__]:[Successful commit: insert operation]
[2022-01-03 19:34:38,338]:[9160-INFO]:[__main__]:[Successful commit: rollback]
[2022-01-03 19:34:38,346]:[9160-INFO]:[__main__]:[Successful commit: delete operation]
[2022-01-03 19:38:03,984]:[3252-INFO]:[__main__]:[New session]
[2022-01-03 19:38:04,027]:[3252-INFO]:[__main__]:[Successful commit: create operation]
[2022-01-03 19:38:04,031]:[3252-INFO]:[__main__]:[Successful commit: insert operation]
[2022-01-03 19:38:04,034]:[3252-INFO]:[__main__]:[Successful commit: insert operation]
[2022-01-03 19:41:15,782]:[8880-INFO]:[__main__]:[New session]
[2022-01-03 19:41:15,825]:[8880-INFO]:[__main__]:[Successful commit: create operation]
[2022-01-03 19:41:15,831]:[8880-INFO]:[__main__]:[Successful commit: insert operation]
[2022-01-03 19:41:15,833]:[8880-INFO]:[__main__]:[Successful commit: insert operation]
[2022-01-03 19:41:15,834]:[8880-INFO]:[__main__]:[Successful commit: rollback]
[2022-01-03 19:45:52,759]:[8212-INFO]:[__main__]:[New session]
[2022-01-03 19:45:53,028]:[8212-INFO]:[__main__]:[Successful commit: create operation]
[2022-01-03 19:45:53,036]:[8212-INFO]:[__main__]:[Successful commit: insert operation]
[2022-01-03 19:45:53,036]:[8212-INFO]:[__main__]:[Successful commit: insert operation]
[2022-01-03 19:45:53,036]:[8212-INFO]:[__main__]:[Successful commit: delete operation]
[2022-01-03 19:45:53,043]:[8212-INFO]:[__main__]:[Successful commit: rollback]
